0 info it worked if it ends with ok
1 verbose cli [ 'node',
1 verbose cli   '/usr/local/bin/npm',
1 verbose cli   'install',
1 verbose cli   'gulp-browser-sync',
1 verbose cli   '--save-dev' ]
2 info using npm@1.4.28
3 info using node@v0.10.32
4 warn package.json tw@1.0.0 No README data
5 verbose readDependencies using package.json deps
6 verbose cache add [ 'gulp-browser-sync', null ]
7 verbose cache add name=undefined spec="gulp-browser-sync" args=["gulp-browser-sync",null]
8 verbose parsed url { protocol: null,
8 verbose parsed url   slashes: null,
8 verbose parsed url   auth: null,
8 verbose parsed url   host: null,
8 verbose parsed url   port: null,
8 verbose parsed url   hostname: null,
8 verbose parsed url   hash: null,
8 verbose parsed url   search: null,
8 verbose parsed url   query: null,
8 verbose parsed url   pathname: 'gulp-browser-sync',
8 verbose parsed url   path: 'gulp-browser-sync',
8 verbose parsed url   href: 'gulp-browser-sync' }
9 silly lockFile b33bd72e-gulp-browser-sync gulp-browser-sync
10 verbose lock gulp-browser-sync /Users/thomaswicker/.npm/b33bd72e-gulp-browser-sync.lock
11 silly lockFile b33bd72e-gulp-browser-sync gulp-browser-sync
12 silly lockFile b33bd72e-gulp-browser-sync gulp-browser-sync
13 verbose addNamed [ 'gulp-browser-sync', '' ]
14 verbose addNamed [ null, '*' ]
15 silly lockFile 4c305f9a-gulp-browser-sync gulp-browser-sync@
16 verbose lock gulp-browser-sync@ /Users/thomaswicker/.npm/4c305f9a-gulp-browser-sync.lock
17 silly addNameRange { name: 'gulp-browser-sync', range: '*', hasData: false }
18 verbose request where is /gulp-browser-sync
19 verbose request registry https://registry.npmjs.org/
20 verbose request id fda0d743f3d04061
21 verbose url raw /gulp-browser-sync
22 verbose url resolving [ 'https://registry.npmjs.org/', './gulp-browser-sync' ]
23 verbose url resolved https://registry.npmjs.org/gulp-browser-sync
24 verbose request where is https://registry.npmjs.org/gulp-browser-sync
25 info trying registry request attempt 1 at 15:39:41
26 http GET https://registry.npmjs.org/gulp-browser-sync
27 http 404 https://registry.npmjs.org/gulp-browser-sync
28 verbose headers { date: 'Mon, 03 Nov 2014 22:39:41 GMT',
28 verbose headers   server: 'CouchDB/1.5.0 (Erlang OTP/R16B03)',
28 verbose headers   'content-type': 'application/json',
28 verbose headers   'cache-control': 'max-age=0',
28 verbose headers   'content-length': '52',
28 verbose headers   'accept-ranges': 'bytes',
28 verbose headers   via: '1.1 varnish',
28 verbose headers   age: '0',
28 verbose headers   'x-served-by': 'cache-dfw1829-DFW',
28 verbose headers   'x-cache': 'MISS',
28 verbose headers   'x-cache-hits': '0',
28 verbose headers   'x-timer': 'S1415054381.571598,VS0,VE64',
28 verbose headers   'keep-alive': 'timeout=10, max=50',
28 verbose headers   connection: 'Keep-Alive' }
29 silly registry.get cb [ 404,
29 silly registry.get   { date: 'Mon, 03 Nov 2014 22:39:41 GMT',
29 silly registry.get     server: 'CouchDB/1.5.0 (Erlang OTP/R16B03)',
29 silly registry.get     'content-type': 'application/json',
29 silly registry.get     'cache-control': 'max-age=0',
29 silly registry.get     'content-length': '52',
29 silly registry.get     'accept-ranges': 'bytes',
29 silly registry.get     via: '1.1 varnish',
29 silly registry.get     age: '0',
29 silly registry.get     'x-served-by': 'cache-dfw1829-DFW',
29 silly registry.get     'x-cache': 'MISS',
29 silly registry.get     'x-cache-hits': '0',
29 silly registry.get     'x-timer': 'S1415054381.571598,VS0,VE64',
29 silly registry.get     'keep-alive': 'timeout=10, max=50',
29 silly registry.get     connection: 'Keep-Alive' } ]
30 silly lockFile 4c305f9a-gulp-browser-sync gulp-browser-sync@
31 silly lockFile 4c305f9a-gulp-browser-sync gulp-browser-sync@
32 error 404 404 Not Found: gulp-browser-sync
32 error 404
32 error 404 'gulp-browser-sync' is not in the npm registry.
32 error 404 You should bug the author to publish it
32 error 404 It was specified as a dependency of 'tw'
32 error 404
32 error 404 Note that you can also install from a
32 error 404 tarball, folder, or http url, or git url.
33 error System Darwin 14.0.0
34 error command "node" "/usr/local/bin/npm" "install" "gulp-browser-sync" "--save-dev"
35 error cwd /Users/thomaswicker/Dropbox/Sites/tw
36 error node -v v0.10.32
37 error npm -v 1.4.28
38 error code E404
39 verbose exit [ 1, true ]
